<?xml version="1.0" encoding="UTF-8"?>
<!-- Generated by org.testng.reporters.JUnitXMLReporter -->
<testsuite ignored="0" hostname="DESKTOP-FBMB0MM" failures="0" tests="3" name="Default test" time="0.167" errors="0" timestamp="21 Sep 2021 11:25:16 GMT">
  <testcase classname="com.comcast.contactTest.ContactTest" name="createContactTest" time="0.015"/>
  <testcase classname="com.comcast.contactTest.ContactTest" name="createContactwithOrgTest" time="0.003"/>
  <testcase classname="com.comcast.contactTest.ContactTest" name="deleteContactTest" time="0.055"/>
</testsuite> <!-- Default test -->
