<?xml version="1.0" encoding="UTF-8"?>
<!-- Generated by org.testng.reporters.JUnitXMLReporter -->
<testsuite ignored="0" hostname="DESKTOP-FBMB0MM" failures="0" tests="3" name="Default test" time="0.058" errors="0" timestamp="2021-09-22T18:15:16 IST">
  <testcase classname="com.comcast.orgTest.OrgTest" name="createOrgTest" time="0.01"/>
  <testcase classname="com.comcast.orgTest.OrgTest" name="createOrgwithIndustriesTest" time="0.001"/>
  <testcase classname="com.comcast.orgTest.OrgTest" name="deleteOrgTest" time="0.001"/>
</testsuite> <!-- Default test -->
