<?xml version="1.0" encoding="UTF-8"?>
<testng-results ignored="0" total="3" passed="3" failed="0" skipped="0">
  <reporter-output>
  </reporter-output>
  <suite started-at="2021-09-21T11:25:16Z" name="Default suite" finished-at="2021-09-21T11:25:16Z" duration-ms="167">
    <groups>
    </groups>
    <test started-at="2021-09-21T11:25:16Z" name="Default test" finished-at="2021-09-21T11:25:16Z" duration-ms="167">
      <class name="com.comcast.contactTest.ContactTest">
        <test-method signature="createContactTest()[pri:0, instance:com.comcast.contactTest.ContactTest@418c5a9c]" started-at="2021-09-21T11:25:16Z" name="createContactTest" finished-at="2021-09-21T11:25:16Z" duration-ms="15" status="PASS">
          <reporter-output>
          </reporter-output>
        </test-method> <!-- createContactTest -->
        <test-method signature="createContactwithOrgTest()[pri:0, instance:com.comcast.contactTest.ContactTest@418c5a9c]" started-at="2021-09-21T11:25:16Z" name="createContactwithOrgTest" finished-at="2021-09-21T11:25:16Z" duration-ms="3" status="PASS">
          <reporter-output>
          </reporter-output>
        </test-method> <!-- createContactwithOrgTest -->
        <test-method signature="deleteContactTest()[pri:0, instance:com.comcast.contactTest.ContactTest@418c5a9c]" started-at="2021-09-21T11:25:16Z" name="deleteContactTest" finished-at="2021-09-21T11:25:16Z" duration-ms="55" status="PASS">
          <reporter-output>
          </reporter-output>
        </test-method> <!-- deleteContactTest -->
      </class> <!-- com.comcast.contactTest.ContactTest -->
    </test> <!-- Default test -->
  </suite> <!-- Default suite -->
</testng-results>
